{
  "stats": {
    "suites": 1,
    "tests": 1,
    "passes": 1,
    "pending": 0,
    "failures": 0,
    "start": "2022-11-02T15:29:42.003Z",
    "end": "2022-11-02T15:29:55.548Z",
    "duration": 13545,
    "testsRegistered": 1,
    "passPercent": 100,
    "pendingPercent": 0,
    "other": 0,
    "hasOther": false,
    "skipped": 0,
    "hasSkipped": false
  },
  "results": [
    {
      "uuid": "08290b2a-789c-429c-9965-7799fee4c96e",
      "title": "",
      "fullFile": "cypress\\e2e\\login.cy.js",
      "file": "cypress\\e2e\\login.cy.js",
      "beforeHooks": [],
      "afterHooks": [],
      "tests": [],
      "suites": [
        {
          "uuid": "6f913d42-d10b-4040-9ba4-146c13db8784",
          "title": "Login",
          "fullFile": "",
          "file": "",
          "beforeHooks": [],
          "afterHooks": [],
          "tests": [
            {
              "title": "test with error invalid email",
              "fullTitle": "Login test with error invalid email",
              "timedOut": null,
              "duration": 9180,
              "state": "passed",
              "speed": "medium",
              "pass": true,
              "fail": false,
              "pending": false,
              "context": null,
              "code": "browser.loginActions.login(\"email123\", \"1234\");\nbrowser.loginActions.isErrorVissible(true);",
              "err": {},
              "uuid": "28f378e7-2ff4-4811-8c81-b53658a5f41e",
              "parentUUID": "6f913d42-d10b-4040-9ba4-146c13db8784",
              "isHook": false,
              "skipped": false
            }
          ],
          "suites": [],
          "passes": [
            "28f378e7-2ff4-4811-8c81-b53658a5f41e"
          ],
          "failures": [],
          "pending": [],
          "skipped": [],
          "duration": 9180,
          "root": false,
          "rootEmpty": false,
          "_timeout": 2000
        }
      ],
      "passes": [],
      "failures": [],
      "pending": [],
      "skipped": [],
      "duration": 0,
      "root": true,
      "rootEmpty": true,
      "_timeout": 2000
    }
  ],
  "meta": {
    "mocha": {
      "version": "7.0.1"
    },
    "mochawesome": {
      "options": {
        "quiet": false,
        "reportFilename": "mochawesome",
        "saveHtml": true,
        "saveJson": true,
        "consoleReporter": "spec",
        "useInlineDiffs": false,
        "code": true
      },
      "version": "7.1.3"
    },
    "marge": {
      "options": null,
      "version": "6.2.0"
    }
  }
}